app/build/intermediates/manifest_merge_blame_file/debug/manifest-merger-blame-debug-report.txt
1<?xml version="1.0" encoding="utf-8"?>
2<manifest xmlns:android="http://schemas.android.com/apk/res/android"
3    package="com.prpinfo.bancodesolucoes"
4    android:versionCode="12"
5    android:versionName="12.0" >
6
7    <uses-sdk
8        android:minSdkVersion="26"
8-->src/main/AndroidManifest.xml
9        android:targetSdkVersion="32" />
9-->src/main/AndroidManifest.xml
10
11    <uses-permission android:name="android.permission.INTERNET" />
11-->src/main/AndroidManifest.xml:4:5-67
11-->src/main/AndroidManifest.xml:4:22-64
12    <uses-permission android:name="android.permission.ACCESS_WIFI_STATE" />
12-->src/main/AndroidManifest.xml:5:5-76
12-->src/main/AndroidManifest.xml:5:22-73
13    <uses-permission android:name="android.permission.ACCESS_NETWORK_STATE" />
13-->src/main/AndroidManifest.xml:6:5-79
13-->src/main/AndroidManifest.xml:6:22-76
14    <uses-permission android:name="android.permission.READ_EXTERNAL_STORAGE" />
14-->src/main/AndroidManifest.xml:7:5-79
14-->src/main/AndroidManifest.xml:7:22-77
15
16    <application
16-->src/main/AndroidManifest.xml:9:5-58:19
17        android:allowBackup="true"
17-->src/main/AndroidManifest.xml:10:9-35
18        android:appComponentFactory="androidx.core.app.CoreComponentFactory"
18-->[androidx.core:core:1.7.0] AndroidManifest.xml:24:18-86
19        android:dataExtractionRules="@xml/data_extraction_rules"
19-->src/main/AndroidManifest.xml:17:9-65
20        android:debuggable="true"
21        android:extractNativeLibs="false"
22        android:fullBackupContent="true"
22-->src/main/AndroidManifest.xml:11:9-41
23        android:icon="@drawable/ic_launcher"
23-->src/main/AndroidManifest.xml:13:9-45
24        android:label="@string/app_name"
24-->src/main/AndroidManifest.xml:14:9-41
25        android:largeHeap="true"
25-->src/main/AndroidManifest.xml:16:9-33
26        android:requestLegacyExternalStorage="true"
26-->src/main/AndroidManifest.xml:12:9-52
27        android:theme="@style/AppTheme.NoActionBar" >
27-->src/main/AndroidManifest.xml:15:9-52
28        <activity
28-->src/main/AndroidManifest.xml:18:9-28:20
29            android:name="com.prpinfo.bancodesolucoes.LoginActivity"
29-->src/main/AndroidManifest.xml:19:13-42
30            android:configChanges="orientation|keyboardHidden"
30-->src/main/AndroidManifest.xml:20:13-63
31            android:exported="true"
31-->src/main/AndroidManifest.xml:22:13-36
32            android:windowSoftInputMode="adjustResize|stateVisible" >
32-->src/main/AndroidManifest.xml:21:13-68
33            <intent-filter>
33-->src/main/AndroidManifest.xml:23:13-27:29
34                <action android:name="android.intent.action.MAIN" />
34-->src/main/AndroidManifest.xml:24:17-69
34-->src/main/AndroidManifest.xml:24:25-66
35
36                <category android:name="android.intent.category.LAUNCHER" />
36-->src/main/AndroidManifest.xml:26:17-77
36-->src/main/AndroidManifest.xml:26:27-74
37            </intent-filter>
38        </activity>
39        <activity
39-->src/main/AndroidManifest.xml:29:9-32:63
40            android:name="com.prpinfo.bancodesolucoes.MainActivityJava"
40-->src/main/AndroidManifest.xml:30:13-45
41            android:configChanges="orientation|keyboardHidden"
41-->src/main/AndroidManifest.xml:31:13-63
42            android:windowSoftInputMode="stateAlwaysHidden" />
42-->src/main/AndroidManifest.xml:32:13-60
43        <activity
43-->src/main/AndroidManifest.xml:33:9-36:63
44            android:name="com.prpinfo.bancodesolucoes.LookupActivity"
44-->src/main/AndroidManifest.xml:34:13-43
45            android:configChanges="orientation|keyboardHidden"
45-->src/main/AndroidManifest.xml:35:13-63
46            android:windowSoftInputMode="stateAlwaysHidden" />
46-->src/main/AndroidManifest.xml:36:13-60
47        <activity android:name="com.prpinfo.bancodesolucoes.ManageSolutionsListActivity" />
47-->src/main/AndroidManifest.xml:37:9-38:59
47-->src/main/AndroidManifest.xml:38:13-56
48        <activity
48-->src/main/AndroidManifest.xml:39:9-41:66
49            android:name="com.prpinfo.bancodesolucoes.ManageSolutionsActivity"
49-->src/main/AndroidManifest.xml:40:13-52
50            android:configChanges="orientation|keyboardHidden" />
50-->src/main/AndroidManifest.xml:41:13-63
51        <activity
51-->src/main/AndroidManifest.xml:42:9-45:63
52            android:name="com.prpinfo.bancodesolucoes.ManageSolutionsDetailActivity"
52-->src/main/AndroidManifest.xml:43:13-58
53            android:configChanges="orientation|keyboardHidden"
53-->src/main/AndroidManifest.xml:44:13-63
54            android:windowSoftInputMode="stateAlwaysHidden" />
54-->src/main/AndroidManifest.xml:45:13-60
55        <activity
55-->src/main/AndroidManifest.xml:46:9-48:66
56            android:name="com.prpinfo.bancodesolucoes.ManageUsersActivity"
56-->src/main/AndroidManifest.xml:47:13-48
57            android:configChanges="orientation|keyboardHidden" />
57-->src/main/AndroidManifest.xml:48:13-63
58        <activity
58-->src/main/AndroidManifest.xml:49:9-51:66
59            android:name="com.prpinfo.bancodesolucoes.MyInfoActivity"
59-->src/main/AndroidManifest.xml:50:13-43
60            android:configChanges="orientation|keyboardHidden" />
60-->src/main/AndroidManifest.xml:51:13-63
61        <activity
61-->src/main/AndroidManifest.xml:52:9-54:66
62            android:name="com.prpinfo.bancodesolucoes.ManageCategoriesActivity"
62-->src/main/AndroidManifest.xml:53:13-53
63            android:configChanges="orientation|keyboardHidden" />
63-->src/main/AndroidManifest.xml:54:13-63
64        <activity
64-->src/main/AndroidManifest.xml:55:9-57:66
65            android:name="com.prpinfo.bancodesolucoes.ManageCategoriesDetailActivity"
65-->src/main/AndroidManifest.xml:56:13-59
66            android:configChanges="orientation|keyboardHidden" />
66-->src/main/AndroidManifest.xml:57:13-63
67
68        <provider
68-->[androidx.emoji2:emoji2:1.0.0] AndroidManifest.xml:26:9-34:20
69            android:name="androidx.startup.InitializationProvider"
69-->[androidx.emoji2:emoji2:1.0.0] AndroidManifest.xml:27:13-67
70            android:authorities="com.prpinfo.bancodesolucoes.androidx-startup"
70-->[androidx.emoji2:emoji2:1.0.0] AndroidManifest.xml:28:13-68
71            android:exported="false" >
71-->[androidx.emoji2:emoji2:1.0.0] AndroidManifest.xml:29:13-37
72            <meta-data
72-->[androidx.emoji2:emoji2:1.0.0] AndroidManifest.xml:31:13-33:52
73                android:name="androidx.emoji2.text.EmojiCompatInitializer"
73-->[androidx.emoji2:emoji2:1.0.0] AndroidManifest.xml:32:17-75
74                android:value="androidx.startup" />
74-->[androidx.emoji2:emoji2:1.0.0] AndroidManifest.xml:33:17-49
75            <meta-data
75-->[androidx.lifecycle:lifecycle-process:2.4.0] AndroidManifest.xml:31:13-33:52
76                android:name="androidx.lifecycle.ProcessLifecycleInitializer"
76-->[androidx.lifecycle:lifecycle-process:2.4.0] AndroidManifest.xml:32:17-78
77                android:value="androidx.startup" />
77-->[androidx.lifecycle:lifecycle-process:2.4.0] AndroidManifest.xml:33:17-49
78        </provider>
79    </application>
80
81</manifest>